<?xml version="1.0" encoding="UTF-8"?>
<!-- Generated by org.testng.reporters.JUnitXMLReporter -->
<testsuite ignored="1" hostname="Robin" failures="0" tests="1" name="Default test" time="42.071" errors="0" timestamp="2023-11-01T11:02:27 IST">
  <testcase classname="com.ecommercedemo.qa.testcases.MyAccountTest$MyAccount" name="editFirstNameTextField" time="18.462"/>
  <testcase classname="com.ecommercedemo.qa.testcases.MyAccountTest$MyAccount" name="verifyAccountWithValidLogin" time="0.0">
    <ignored/>
  </testcase> <!-- verifyAccountWithValidLogin -->
</testsuite> <!-- Default test -->
