<?xml version="1.0" encoding="UTF-8"?>
<!-- Generated by org.testng.reporters.JUnitXMLReporter -->
<testsuite ignored="0" hostname="Robin" failures="0" tests="3" name="Test on Firefox" time="0.576" errors="0" timestamp="2023-10-29T17:58:54 IST">
  <testcase classname="com.ecommercedemo.qa.testcases.SearchTest" name="verfiySearchWithValidProduct" time="0.004">
    <skipped/>
  </testcase> <!-- verfiySearchWithValidProduct -->
  <testcase classname="com.ecommercedemo.qa.testcases.SearchTest" name="verifySearchWithInvalidProduct" time="0.0">
    <skipped/>
  </testcase> <!-- verifySearchWithInvalidProduct -->
  <testcase classname="com.ecommercedemo.qa.testcases.SearchTest" name="verifySearchWithNoProduct" time="0.001">
    <skipped/>
  </testcase> <!-- verifySearchWithNoProduct -->
</testsuite> <!-- Test on Firefox -->
