<?xml version="1.0" encoding="UTF-8"?>
<testng-results ignored="0" total="1" passed="1" failed="0" skipped="0">
  <reporter-output>
  </reporter-output>
  <suite started-at="2023-11-01T11:01:45 IST" name="Default suite" finished-at="2023-11-01T11:02:27 IST" duration-ms="42071">
    <groups>
    </groups>
    <test started-at="2023-11-01T11:01:45 IST" name="Default test" finished-at="2023-11-01T11:02:27 IST" duration-ms="42071">
      <class name="com.ecommercedemo.qa.testcases.MyAccountTest$MyAccount">
        <test-method is-config="true" signature="setUp()[pri:0, instance:com.ecommercedemo.qa.testcases.MyAccountTest$MyAccount@4d154ccd]" started-at="2023-11-01T11:01:45 IST" name="setUp" finished-at="2023-11-01T11:02:08 IST" duration-ms="23055" status="PASS">
          <reporter-output>
          </reporter-output>
        </test-method> <!-- setUp -->
        <test-method signature="editFirstNameTextField()[pri:2, instance:com.ecommercedemo.qa.testcases.MyAccountTest$MyAccount@4d154ccd]" started-at="2023-11-01T11:02:08 IST" name="editFirstNameTextField" finished-at="2023-11-01T11:02:27 IST" duration-ms="18462" status="PASS">
          <reporter-output>
          </reporter-output>
        </test-method> <!-- editFirstNameTextField -->
        <test-method is-config="true" signature="tearDown()[pri:0, instance:com.ecommercedemo.qa.testcases.MyAccountTest$MyAccount@4d154ccd]" started-at="2023-11-01T11:02:27 IST" name="tearDown" finished-at="2023-11-01T11:02:27 IST" duration-ms="458" status="PASS">
          <reporter-output>
          </reporter-output>
        </test-method> <!-- tearDown -->
      </class> <!-- com.ecommercedemo.qa.testcases.MyAccountTest$MyAccount -->
    </test> <!-- Default test -->
  </suite> <!-- Default suite -->
</testng-results>
