<?xml version="1.0" encoding="UTF-8"?>
<!-- Generated by org.testng.reporters.JUnitXMLReporter -->
<testsuite ignored="0" hostname="Robin" failures="0" tests="14" name="Demo Test" time="383.726" errors="0" timestamp="2023-10-30T19:57:51 IST">
  <testcase classname="com.ecommercedemo.qa.testcases.RegistrationTest" name="verifyRegistrationWithMandatoryFields" time="9.922"/>
  <testcase classname="com.ecommercedemo.qa.testcases.RegistrationTest" name="verifyRegistrationWithAllFields" time="9.954"/>
  <testcase classname="com.ecommercedemo.qa.testcases.RegistrationTest" name="verifyRegistrationWithExistingAccount" time="9.165"/>
  <testcase classname="com.ecommercedemo.qa.testcases.RegistrationTest" name="verifyRegistrationWithoutEnteringAnyFields" time="8.617"/>
  <testcase classname="com.ecommercedemo.qa.testcases.LoginTest" name="verifyLoginWithValidCredentials" time="9.995"/>
  <testcase classname="com.ecommercedemo.qa.testcases.LoginTest" name="verifyLoginWithValidCredentials" time="10.923"/>
  <testcase classname="com.ecommercedemo.qa.testcases.LoginTest" name="verifyLoginWithInvalidCredentials" time="9.737"/>
  <testcase classname="com.ecommercedemo.qa.testcases.LoginTest" name="verifyLoginWithInvalidEmailAndValidPassword" time="9.795"/>
  <testcase classname="com.ecommercedemo.qa.testcases.LoginTest" name="verifyLoginWithValidEmailAndInvalidPassword" time="11.279"/>
  <testcase classname="com.ecommercedemo.qa.testcases.LoginTest" name="verifyLoginWithoutProvidingCredentials" time="16.073"/>
  <testcase classname="com.ecommercedemo.qa.testcases.SearchTest" name="verfiySearchWithValidProduct" time="9.095"/>
  <testcase classname="com.ecommercedemo.qa.testcases.SearchTest" name="verfiySearchWithAnotherValidProduct" time="9.289"/>
  <testcase classname="com.ecommercedemo.qa.testcases.SearchTest" name="verifySearchWithInvalidProduct" time="9.295"/>
  <testcase classname="com.ecommercedemo.qa.testcases.SearchTest" name="verifySearchWithNoProduct" time="8.824"/>
</testsuite> <!-- Demo Test -->
